2013/10/22 15:51:40 [error] [system.db.CDbCommand] CDbCommand::execute() failed: SQLSTATE[23000]: Integrity constraint violation: 1062 Duplicate entry '5' for key 'PRIMARY'. The SQL statement executed was: INSERT INTO `pasien` (`no_cm`, `nm_pasien`, `jk_pasien`, `alamat`, `tgl_lahir`) VALUES (:yp0, :yp1, :yp2, :yp3, :yp4).
in C:\xampp\htdocs\rumahsakit\protected\controllers\PasienController.php (73)
in C:\xampp\htdocs\rumahsakit\index.php (13)
2013/10/22 15:51:40 [error] [exception.CDbException] exception 'CDbException' with message 'CDbCommand failed to execute the SQL statement: SQLSTATE[23000]: Integrity constraint violation: 1062 Duplicate entry '5' for key 'PRIMARY'. The SQL statement executed was: INSERT INTO `pasien` (`no_cm`, `nm_pasien`, `jk_pasien`, `alamat`, `tgl_lahir`) VALUES (:yp0, :yp1, :yp2, :yp3, :yp4)' in C:\xampp\htdocs\yii\framework\db\CDbCommand.php:357
Stack trace:
#0 C:\xampp\htdocs\yii\framework\db\ar\CActiveRecord.php(1023): CDbCommand->execute()
#1 C:\xampp\htdocs\yii\framework\db\ar\CActiveRecord.php(795): CActiveRecord->insert(NULL)
#2 C:\xampp\htdocs\rumahsakit\protected\controllers\PasienController.php(73): CActiveRecord->save()
#3 C:\xampp\htdocs\yii\framework\web\actions\CInlineAction.php(49): PasienController->actionCreate()
#4 C:\xampp\htdocs\yii\framework\web\CController.php(308): CInlineAction->runWithParams(Array)
#5 C:\xampp\htdocs\yii\framework\web\filters\CFilterChain.php(133): CController->runAction(Object(CInlineAction))
#6 C:\xampp\htdocs\yii\framework\web\filters\CFilter.php(40): CFilterChain->run()
#7 C:\xampp\htdocs\yii\framework\web\CController.php(1145): CFilter->filter(Object(CFilterChain))
#8 C:\xampp\htdocs\yii\framework\web\filters\CInlineFilter.php(58): CController->filterAccessControl(Object(CFilterChain))
#9 C:\xampp\htdocs\yii\framework\web\filters\CFilterChain.php(130): CInlineFilter->filter(Object(CFilterChain))
#10 C:\xampp\htdocs\yii\framework\web\CController.php(291): CFilterChain->run()
#11 C:\xampp\htdocs\yii\framework\web\CController.php(265): CController->runActionWithFilters(Object(CInlineAction), Array)
#12 C:\xampp\htdocs\yii\framework\web\CWebApplication.php(282): CController->run('create')
#13 C:\xampp\htdocs\yii\framework\web\CWebApplication.php(141): CWebApplication->runController('pasien/create')
#14 C:\xampp\htdocs\yii\framework\base\CApplication.php(169): CWebApplication->processRequest()
#15 C:\xampp\htdocs\rumahsakit\index.php(13): CApplication->run()
#16 {main}
REQUEST_URI=/rumahsakit/index.php?r=pasien/create
HTTP_REFERER=http://localhost:82/rumahsakit/index.php?r=pasien/create
---
2013/10/22 15:52:56 [error] [system.db.CDbCommand] CDbCommand::execute() failed: SQLSTATE[23000]: Integrity constraint violation: 1062 Duplicate entry '5' for key 'PRIMARY'. The SQL statement executed was: INSERT INTO `pasien` (`no_cm`, `nm_pasien`, `jk_pasien`, `alamat`, `tgl_lahir`) VALUES (:yp0, :yp1, :yp2, :yp3, :yp4).
in C:\xampp\htdocs\rumahsakit\protected\controllers\PasienController.php (73)
in C:\xampp\htdocs\rumahsakit\index.php (13)
2013/10/22 15:52:56 [error] [exception.CDbException] exception 'CDbException' with message 'CDbCommand failed to execute the SQL statement: SQLSTATE[23000]: Integrity constraint violation: 1062 Duplicate entry '5' for key 'PRIMARY'. The SQL statement executed was: INSERT INTO `pasien` (`no_cm`, `nm_pasien`, `jk_pasien`, `alamat`, `tgl_lahir`) VALUES (:yp0, :yp1, :yp2, :yp3, :yp4)' in C:\xampp\htdocs\yii\framework\db\CDbCommand.php:357
Stack trace:
#0 C:\xampp\htdocs\yii\framework\db\ar\CActiveRecord.php(1023): CDbCommand->execute()
#1 C:\xampp\htdocs\yii\framework\db\ar\CActiveRecord.php(795): CActiveRecord->insert(NULL)
#2 C:\xampp\htdocs\rumahsakit\protected\controllers\PasienController.php(73): CActiveRecord->save()
#3 C:\xampp\htdocs\yii\framework\web\actions\CInlineAction.php(49): PasienController->actionCreate()
#4 C:\xampp\htdocs\yii\framework\web\CController.php(308): CInlineAction->runWithParams(Array)
#5 C:\xampp\htdocs\yii\framework\web\filters\CFilterChain.php(133): CController->runAction(Object(CInlineAction))
#6 C:\xampp\htdocs\yii\framework\web\filters\CFilter.php(40): CFilterChain->run()
#7 C:\xampp\htdocs\yii\framework\web\CController.php(1145): CFilter->filter(Object(CFilterChain))
#8 C:\xampp\htdocs\yii\framework\web\filters\CInlineFilter.php(58): CController->filterAccessControl(Object(CFilterChain))
#9 C:\xampp\htdocs\yii\framework\web\filters\CFilterChain.php(130): CInlineFilter->filter(Object(CFilterChain))
#10 C:\xampp\htdocs\yii\framework\web\CController.php(291): CFilterChain->run()
#11 C:\xampp\htdocs\yii\framework\web\CController.php(265): CController->runActionWithFilters(Object(CInlineAction), Array)
#12 C:\xampp\htdocs\yii\framework\web\CWebApplication.php(282): CController->run('create')
#13 C:\xampp\htdocs\yii\framework\web\CWebApplication.php(141): CWebApplication->runController('pasien/create')
#14 C:\xampp\htdocs\yii\framework\base\CApplication.php(169): CWebApplication->processRequest()
#15 C:\xampp\htdocs\rumahsakit\index.php(13): CApplication->run()
#16 {main}
REQUEST_URI=/rumahsakit/index.php?r=pasien/create
HTTP_REFERER=http://localhost:82/rumahsakit/index.php?r=pasien/create
---
2013/10/27 14:38:05 [error] [system.db.CDbCommand] CDbCommand::execute() failed: SQLSTATE[23000]: Integrity constraint violation: 1062 Duplicate entry '4' for key 'PRIMARY'. The SQL statement executed was: INSERT INTO `pasien` (`no_cm`, `nm_pasien`, `jk_pasien`, `alamat`, `tgl_lahir`) VALUES (:yp0, :yp1, :yp2, :yp3, :yp4).
in C:\xampp\htdocs\rumahsakit\protected\controllers\PasienController.php (73)
in C:\xampp\htdocs\rumahsakit\index.php (13)
2013/10/27 14:38:05 [error] [exception.CDbException] exception 'CDbException' with message 'CDbCommand failed to execute the SQL statement: SQLSTATE[23000]: Integrity constraint violation: 1062 Duplicate entry '4' for key 'PRIMARY'. The SQL statement executed was: INSERT INTO `pasien` (`no_cm`, `nm_pasien`, `jk_pasien`, `alamat`, `tgl_lahir`) VALUES (:yp0, :yp1, :yp2, :yp3, :yp4)' in C:\xampp\htdocs\yii\framework\db\CDbCommand.php:357
Stack trace:
#0 C:\xampp\htdocs\yii\framework\db\ar\CActiveRecord.php(1023): CDbCommand->execute()
#1 C:\xampp\htdocs\yii\framework\db\ar\CActiveRecord.php(795): CActiveRecord->insert(NULL)
#2 C:\xampp\htdocs\rumahsakit\protected\controllers\PasienController.php(73): CActiveRecord->save()
#3 C:\xampp\htdocs\yii\framework\web\actions\CInlineAction.php(49): PasienController->actionCreate()
#4 C:\xampp\htdocs\yii\framework\web\CController.php(308): CInlineAction->runWithParams(Array)
#5 C:\xampp\htdocs\yii\framework\web\filters\CFilterChain.php(133): CController->runAction(Object(CInlineAction))
#6 C:\xampp\htdocs\yii\framework\web\filters\CFilter.php(40): CFilterChain->run()
#7 C:\xampp\htdocs\yii\framework\web\CController.php(1145): CFilter->filter(Object(CFilterChain))
#8 C:\xampp\htdocs\yii\framework\web\filters\CInlineFilter.php(58): CController->filterAccessControl(Object(CFilterChain))
#9 C:\xampp\htdocs\yii\framework\web\filters\CFilterChain.php(130): CInlineFilter->filter(Object(CFilterChain))
#10 C:\xampp\htdocs\yii\framework\web\CController.php(291): CFilterChain->run()
#11 C:\xampp\htdocs\yii\framework\web\CController.php(265): CController->runActionWithFilters(Object(CInlineAction), Array)
#12 C:\xampp\htdocs\yii\framework\web\CWebApplication.php(282): CController->run('create')
#13 C:\xampp\htdocs\yii\framework\web\CWebApplication.php(141): CWebApplication->runController('pasien/create')
#14 C:\xampp\htdocs\yii\framework\base\CApplication.php(169): CWebApplication->processRequest()
#15 C:\xampp\htdocs\rumahsakit\index.php(13): CApplication->run()
#16 {main}
REQUEST_URI=/rumahsakit/index.php?r=pasien/create
HTTP_REFERER=http://localhost:82/rumahsakit/index.php?r=pasien/create
---
2013/10/28 14:46:17 [error] [exception.CHttpException.404] exception 'CHttpException' with message 'Unable to resolve the request "pasein".' in C:\xampp\htdocs\yii\framework\web\CWebApplication.php:286
Stack trace:
#0 C:\xampp\htdocs\yii\framework\web\CWebApplication.php(141): CWebApplication->runController('pasein')
#1 C:\xampp\htdocs\yii\framework\base\CApplication.php(169): CWebApplication->processRequest()
#2 C:\xampp\htdocs\rumahsakit\index.php(13): CApplication->run()
#3 {main}
REQUEST_URI=/rumahsakit/index.php?r=pasein
---
2013/10/29 12:14:11 [error] [exception.CHttpException.404] exception 'CHttpException' with message 'Unable to resolve the request "contact".' in C:\xampp\htdocs\yii\framework\web\CWebApplication.php:286
Stack trace:
#0 C:\xampp\htdocs\yii\framework\web\CWebApplication.php(141): CWebApplication->runController('contact')
#1 C:\xampp\htdocs\yii\framework\base\CApplication.php(169): CWebApplication->processRequest()
#2 C:\xampp\htdocs\rumahsakit\index.php(13): CApplication->run()
#3 {main}
REQUEST_URI=/rumahsakit/index.php?r=contact
---
2013/10/29 13:20:28 [error] [exception.CException] exception 'CException' with message 'Alias "ext.widgets.ddmenu.XDropDownMenu" is invalid. Make sure it points to an existing PHP file and the file is readable.' in C:\xampp\htdocs\yii\framework\YiiBase.php:316
Stack trace:
#0 C:\xampp\htdocs\yii\framework\web\CWidgetFactory.php(146): YiiBase::import('ext.widgets.ddm...', true)
#1 C:\xampp\htdocs\yii\framework\web\CBaseController.php(146): CWidgetFactory->createWidget(Object(SiteController), 'ext.widgets.ddm...', Array)
#2 C:\xampp\htdocs\yii\framework\web\CBaseController.php(172): CBaseController->createWidget('ext.widgets.ddm...', Array)
#3 C:\xampp\htdocs\rumahsakit\protected\views\layouts\main.php(48): CBaseController->widget('ext.widgets.ddm...', Array)
#4 C:\xampp\htdocs\yii\framework\web\CBaseController.php(126): require('C:\xampp\htdocs...')
#5 C:\xampp\htdocs\yii\framework\web\CBaseController.php(95): CBaseController->renderInternal('C:\xampp\htdocs...', Array, true)
#6 C:\xampp\htdocs\yii\framework\web\widgets\CContentDecorator.php(76): CBaseController->renderFile('C:\xampp\htdocs...', Array, true)
#7 C:\xampp\htdocs\yii\framework\web\widgets\CContentDecorator.php(54): CContentDecorator->decorate('<div id="conten...')
#8 C:\xampp\htdocs\yii\framework\web\widgets\COutputProcessor.php(44): CContentDecorator->processOutput('<div id="conten...')
#9 C:\xampp\htdocs\yii\framework\web\CBaseController.php(206): COutputProcessor->run()
#10 C:\xampp\htdocs\yii\framework\web\CBaseController.php(300): CBaseController->endWidget('CContentDecorat...')
#11 C:\xampp\htdocs\rumahsakit\protected\views\layouts\column1.php(6): CBaseController->endContent()
#12 C:\xampp\htdocs\yii\framework\web\CBaseController.php(126): require('C:\xampp\htdocs...')
#13 C:\xampp\htdocs\yii\framework\web\CBaseController.php(95): CBaseController->renderInternal('C:\xampp\htdocs...', Array, true)
#14 C:\xampp\htdocs\yii\framework\web\CController.php(784): CBaseController->renderFile('C:\xampp\htdocs...', Array, true)
#15 C:\xampp\htdocs\rumahsakit\protected\controllers\SiteController.php(32): CController->render('index')
#16 C:\xampp\htdocs\yii\framework\web\actions\CInlineAction.php(49): SiteController->actionIndex()
#17 C:\xampp\htdocs\yii\framework\web\CController.php(308): CInlineAction->runWithParams(Array)
#18 C:\xampp\htdocs\yii\framework\web\CController.php(286): CController->runAction(Object(CInlineAction))
#19 C:\xampp\htdocs\yii\framework\web\CController.php(265): CController->runActionWithFilters(Object(CInlineAction), Array)
#20 C:\xampp\htdocs\yii\framework\web\CWebApplication.php(282): CController->run('')
#21 C:\xampp\htdocs\yii\framework\web\CWebApplication.php(141): CWebApplication->runController('')
#22 C:\xampp\htdocs\yii\framework\base\CApplication.php(169): CWebApplication->processRequest()
#23 C:\xampp\htdocs\rumahsakit\index.php(13): CApplication->run()
#24 {main}
REQUEST_URI=/rumahsakit/
---
2013/10/29 16:05:59 [error] [exception.CHttpException.404] exception 'CHttpException' with message 'The requested page does not exist.' in C:\xampp\htdocs\rumahsakit\protected\controllers\DokterController.php:157
Stack trace:
#0 C:\xampp\htdocs\rumahsakit\protected\controllers\DokterController.php(55): DokterController->loadModel('DLM')
#1 [internal function]: DokterController->actionView('DLM')
#2 C:\xampp\htdocs\yii\framework\web\actions\CAction.php(108): ReflectionMethod->invokeArgs(Object(DokterController), Array)
#3 C:\xampp\htdocs\yii\framework\web\actions\CInlineAction.php(47): CAction->runWithParamsInternal(Object(DokterController), Object(ReflectionMethod), Array)
#4 C:\xampp\htdocs\yii\framework\web\CController.php(308): CInlineAction->runWithParams(Array)
#5 C:\xampp\htdocs\yii\framework\web\filters\CFilterChain.php(133): CController->runAction(Object(CInlineAction))
#6 C:\xampp\htdocs\yii\framework\web\filters\CFilter.php(40): CFilterChain->run()
#7 C:\xampp\htdocs\yii\framework\web\CController.php(1145): CFilter->filter(Object(CFilterChain))
#8 C:\xampp\htdocs\yii\framework\web\filters\CInlineFilter.php(58): CController->filterAccessControl(Object(CFilterChain))
#9 C:\xampp\htdocs\yii\framework\web\filters\CFilterChain.php(130): CInlineFilter->filter(Object(CFilterChain))
#10 C:\xampp\htdocs\yii\framework\web\CController.php(291): CFilterChain->run()
#11 C:\xampp\htdocs\yii\framework\web\CController.php(265): CController->runActionWithFilters(Object(CInlineAction), Array)
#12 C:\xampp\htdocs\yii\framework\web\CWebApplication.php(282): CController->run('view')
#13 C:\xampp\htdocs\yii\framework\web\CWebApplication.php(141): CWebApplication->runController('dokter/view')
#14 C:\xampp\htdocs\yii\framework\base\CApplication.php(169): CWebApplication->processRequest()
#15 C:\xampp\htdocs\rumahsakit\index.php(13): CApplication->run()
#16 {main}
REQUEST_URI=/rumahsakit/index.php?r=dokter/view&id=DLM
HTTP_REFERER=http://localhost:82/rumahsakit/index.php?r=dokter/index
---
2013/10/29 16:06:07 [error] [exception.CHttpException.404] exception 'CHttpException' with message 'The requested page does not exist.' in C:\xampp\htdocs\rumahsakit\protected\controllers\DokterController.php:157
Stack trace:
#0 C:\xampp\htdocs\rumahsakit\protected\controllers\DokterController.php(55): DokterController->loadModel('DLM')
#1 [internal function]: DokterController->actionView('DLM')
#2 C:\xampp\htdocs\yii\framework\web\actions\CAction.php(108): ReflectionMethod->invokeArgs(Object(DokterController), Array)
#3 C:\xampp\htdocs\yii\framework\web\actions\CInlineAction.php(47): CAction->runWithParamsInternal(Object(DokterController), Object(ReflectionMethod), Array)
#4 C:\xampp\htdocs\yii\framework\web\CController.php(308): CInlineAction->runWithParams(Array)
#5 C:\xampp\htdocs\yii\framework\web\filters\CFilterChain.php(133): CController->runAction(Object(CInlineAction))
#6 C:\xampp\htdocs\yii\framework\web\filters\CFilter.php(40): CFilterChain->run()
#7 C:\xampp\htdocs\yii\framework\web\CController.php(1145): CFilter->filter(Object(CFilterChain))
#8 C:\xampp\htdocs\yii\framework\web\filters\CInlineFilter.php(58): CController->filterAccessControl(Object(CFilterChain))
#9 C:\xampp\htdocs\yii\framework\web\filters\CFilterChain.php(130): CInlineFilter->filter(Object(CFilterChain))
#10 C:\xampp\htdocs\yii\framework\web\CController.php(291): CFilterChain->run()
#11 C:\xampp\htdocs\yii\framework\web\CController.php(265): CController->runActionWithFilters(Object(CInlineAction), Array)
#12 C:\xampp\htdocs\yii\framework\web\CWebApplication.php(282): CController->run('view')
#13 C:\xampp\htdocs\yii\framework\web\CWebApplication.php(141): CWebApplication->runController('dokter/view')
#14 C:\xampp\htdocs\yii\framework\base\CApplication.php(169): CWebApplication->processRequest()
#15 C:\xampp\htdocs\rumahsakit\index.php(13): CApplication->run()
#16 {main}
REQUEST_URI=/rumahsakit/index.php?r=dokter/view&id=DLM
HTTP_REFERER=http://localhost:82/rumahsakit/index.php?r=dokter/index
---
2013/10/29 16:06:41 [error] [exception.CHttpException.404] exception 'CHttpException' with message 'The requested page does not exist.' in C:\xampp\htdocs\rumahsakit\protected\controllers\DokterController.php:157
Stack trace:
#0 C:\xampp\htdocs\rumahsakit\protected\controllers\DokterController.php(55): DokterController->loadModel('DLM')
#1 [internal function]: DokterController->actionView('DLM')
#2 C:\xampp\htdocs\yii\framework\web\actions\CAction.php(108): ReflectionMethod->invokeArgs(Object(DokterController), Array)
#3 C:\xampp\htdocs\yii\framework\web\actions\CInlineAction.php(47): CAction->runWithParamsInternal(Object(DokterController), Object(ReflectionMethod), Array)
#4 C:\xampp\htdocs\yii\framework\web\CController.php(308): CInlineAction->runWithParams(Array)
#5 C:\xampp\htdocs\yii\framework\web\filters\CFilterChain.php(133): CController->runAction(Object(CInlineAction))
#6 C:\xampp\htdocs\yii\framework\web\filters\CFilter.php(40): CFilterChain->run()
#7 C:\xampp\htdocs\yii\framework\web\CController.php(1145): CFilter->filter(Object(CFilterChain))
#8 C:\xampp\htdocs\yii\framework\web\filters\CInlineFilter.php(58): CController->filterAccessControl(Object(CFilterChain))
#9 C:\xampp\htdocs\yii\framework\web\filters\CFilterChain.php(130): CInlineFilter->filter(Object(CFilterChain))
#10 C:\xampp\htdocs\yii\framework\web\CController.php(291): CFilterChain->run()
#11 C:\xampp\htdocs\yii\framework\web\CController.php(265): CController->runActionWithFilters(Object(CInlineAction), Array)
#12 C:\xampp\htdocs\yii\framework\web\CWebApplication.php(282): CController->run('view')
#13 C:\xampp\htdocs\yii\framework\web\CWebApplication.php(141): CWebApplication->runController('dokter/view')
#14 C:\xampp\htdocs\yii\framework\base\CApplication.php(169): CWebApplication->processRequest()
#15 C:\xampp\htdocs\rumahsakit\index.php(13): CApplication->run()
#16 {main}
REQUEST_URI=/rumahsakit/index.php?r=dokter/view&id=DLM
HTTP_REFERER=http://localhost:82/rumahsakit/index.php?r=dokter/index
---
2013/10/29 16:08:41 [error] [exception.CHttpException.404] exception 'CHttpException' with message 'The requested page does not exist.' in C:\xampp\htdocs\rumahsakit\protected\controllers\DokterController.php:157
Stack trace:
#0 C:\xampp\htdocs\rumahsakit\protected\controllers\DokterController.php(55): DokterController->loadModel('DLM')
#1 [internal function]: DokterController->actionView('DLM')
#2 C:\xampp\htdocs\yii\framework\web\actions\CAction.php(108): ReflectionMethod->invokeArgs(Object(DokterController), Array)
#3 C:\xampp\htdocs\yii\framework\web\actions\CInlineAction.php(47): CAction->runWithParamsInternal(Object(DokterController), Object(ReflectionMethod), Array)
#4 C:\xampp\htdocs\yii\framework\web\CController.php(308): CInlineAction->runWithParams(Array)
#5 C:\xampp\htdocs\yii\framework\web\filters\CFilterChain.php(133): CController->runAction(Object(CInlineAction))
#6 C:\xampp\htdocs\yii\framework\web\filters\CFilter.php(40): CFilterChain->run()
#7 C:\xampp\htdocs\yii\framework\web\CController.php(1145): CFilter->filter(Object(CFilterChain))
#8 C:\xampp\htdocs\yii\framework\web\filters\CInlineFilter.php(58): CController->filterAccessControl(Object(CFilterChain))
#9 C:\xampp\htdocs\yii\framework\web\filters\CFilterChain.php(130): CInlineFilter->filter(Object(CFilterChain))
#10 C:\xampp\htdocs\yii\framework\web\CController.php(291): CFilterChain->run()
#11 C:\xampp\htdocs\yii\framework\web\CController.php(265): CController->runActionWithFilters(Object(CInlineAction), Array)
#12 C:\xampp\htdocs\yii\framework\web\CWebApplication.php(282): CController->run('view')
#13 C:\xampp\htdocs\yii\framework\web\CWebApplication.php(141): CWebApplication->runController('dokter/view')
#14 C:\xampp\htdocs\yii\framework\base\CApplication.php(169): CWebApplication->processRequest()
#15 C:\xampp\htdocs\rumahsakit\index.php(13): CApplication->run()
#16 {main}
REQUEST_URI=/rumahsakit/index.php?r=dokter/view&id=DLM
HTTP_REFERER=http://localhost:82/rumahsakit/index.php?r=dokter/index
---
2013/10/29 16:09:35 [error] [exception.CException] exception 'CException' with message 'Property "Dokter.nm_spesialis" is not defined.' in C:\xampp\htdocs\yii\framework\base\CComponent.php:130
Stack trace:
#0 C:\xampp\htdocs\yii\framework\db\ar\CActiveRecord.php(143): CComponent->__get('nm_spesialis')
#1 C:\xampp\htdocs\rumahsakit\protected\views\dokter\_view.php(17): CActiveRecord->__get('nm_spesialis')
#2 C:\xampp\htdocs\yii\framework\web\CBaseController.php(130): require('C:\xampp\htdocs...')
#3 C:\xampp\htdocs\yii\framework\web\CBaseController.php(95): CBaseController->renderInternal('C:\xampp\htdocs...', Array, false)
#4 C:\xampp\htdocs\yii\framework\zii\widgets\CListView.php(281): CBaseController->renderFile('C:\xampp\htdocs...', Array)
#5 C:\xampp\htdocs\yii\framework\zii\widgets\CBaseListView.php(160): CListView->renderItems()
#6 [internal function]: CBaseListView->renderSection(Array)
#7 C:\xampp\htdocs\yii\framework\zii\widgets\CBaseListView.php(143): preg_replace_callback('/{(\w+)}/', Array, '{summary}?{sort...')
#8 C:\xampp\htdocs\yii\framework\zii\widgets\CBaseListView.php(128): CBaseListView->renderContent()
#9 C:\xampp\htdocs\yii\framework\web\CBaseController.php(173): CBaseListView->run()
#10 C:\xampp\htdocs\rumahsakit\protected\views\dokter\index.php(20): CBaseController->widget('zii.widgets.CLi...', Array)
#11 C:\xampp\htdocs\yii\framework\web\CBaseController.php(126): require('C:\xampp\htdocs...')
#12 C:\xampp\htdocs\yii\framework\web\CBaseController.php(95): CBaseController->renderInternal('C:\xampp\htdocs...', Array, true)
#13 C:\xampp\htdocs\yii\framework\web\CController.php(869): CBaseController->renderFile('C:\xampp\htdocs...', Array, true)
#14 C:\xampp\htdocs\yii\framework\web\CController.php(782): CController->renderPartial('index', Array, true)
#15 C:\xampp\htdocs\rumahsakit\protected\controllers\DokterController.php(128): CController->render('index', Array)
#16 C:\xampp\htdocs\yii\framework\web\actions\CInlineAction.php(49): DokterController->actionIndex()
#17 C:\xampp\htdocs\yii\framework\web\CController.php(308): CInlineAction->runWithParams(Array)
#18 C:\xampp\htdocs\yii\framework\web\filters\CFilterChain.php(133): CController->runAction(Object(CInlineAction))
#19 C:\xampp\htdocs\yii\framework\web\filters\CFilter.php(40): CFilterChain->run()
#20 C:\xampp\htdocs\yii\framework\web\CController.php(1145): CFilter->filter(Object(CFilterChain))
#21 C:\xampp\htdocs\yii\framework\web\filters\CInlineFilter.php(58): CController->filterAccessControl(Object(CFilterChain))
#22 C:\xampp\htdocs\yii\framework\web\filters\CFilterChain.php(130): CInlineFilter->filter(Object(CFilterChain))
#23 C:\xampp\htdocs\yii\framework\web\CController.php(291): CFilterChain->run()
#24 C:\xampp\htdocs\yii\framework\web\CController.php(265): CController->runActionWithFilters(Object(CInlineAction), Array)
#25 C:\xampp\htdocs\yii\framework\web\CWebApplication.php(282): CController->run('index')
#26 C:\xampp\htdocs\yii\framework\web\CWebApplication.php(141): CWebApplication->runController('dokter/index')
#27 C:\xampp\htdocs\yii\framework\base\CApplication.php(169): CWebApplication->processRequest()
#28 C:\xampp\htdocs\rumahsakit\index.php(13): CApplication->run()
#29 {main}
REQUEST_URI=/rumahsakit/index.php?r=dokter/index
HTTP_REFERER=http://localhost:82/rumahsakit/index.php?r=spesialis/index
---
2013/10/29 16:37:20 [error] [php] Use of undefined constant Laki - assumed 'Laki' (C:\xampp\htdocs\rumahsakit\protected\models\Pasien.php:105)
Stack trace:
#0 C:\xampp\htdocs\yii\framework\web\CBaseController.php(95): PasienController->renderInternal()
#1 C:\xampp\htdocs\yii\framework\web\CController.php(869): PasienController->renderFile()
#2 C:\xampp\htdocs\rumahsakit\protected\views\pasien\create.php(18): PasienController->renderPartial()
#3 C:\xampp\htdocs\yii\framework\web\CBaseController.php(126): require()
#4 C:\xampp\htdocs\yii\framework\web\CBaseController.php(95): PasienController->renderInternal()
#5 C:\xampp\htdocs\yii\framework\web\CController.php(869): PasienController->renderFile()
#6 C:\xampp\htdocs\yii\framework\web\CController.php(782): PasienController->renderPartial()
#7 C:\xampp\htdocs\rumahsakit\protected\controllers\PasienController.php(79): PasienController->render()
#8 C:\xampp\htdocs\yii\framework\web\actions\CInlineAction.php(49): PasienController->actionCreate()
#9 C:\xampp\htdocs\yii\framework\web\CController.php(308): CInlineAction->runWithParams()
#10 C:\xampp\htdocs\yii\framework\web\filters\CFilterChain.php(133): PasienController->runAction()
#11 C:\xampp\htdocs\yii\framework\web\filters\CFilter.php(40): CFilterChain->run()
#12 C:\xampp\htdocs\yii\framework\web\CController.php(1145): CAccessControlFilter->filter()
#13 C:\xampp\htdocs\yii\framework\web\filters\CInlineFilter.php(58): PasienController->filterAccessControl()
#14 C:\xampp\htdocs\yii\framework\web\filters\CFilterChain.php(130): CInlineFilter->filter()
#15 C:\xampp\htdocs\yii\framework\web\CController.php(291): CFilterChain->run()
#16 C:\xampp\htdocs\yii\framework\web\CController.php(265): PasienController->runActionWithFilters()
#17 C:\xampp\htdocs\yii\framework\web\CWebApplication.php(282): PasienController->run()
#18 C:\xampp\htdocs\yii\framework\web\CWebApplication.php(141): CWebApplication->runController()
#19 C:\xampp\htdocs\yii\framework\base\CApplication.php(169): CWebApplication->processRequest()
#20 C:\xampp\htdocs\rumahsakit\index.php(13): CWebApplication->run()
REQUEST_URI=/rumahsakit/index.php?r=pasien/create
in C:\xampp\htdocs\rumahsakit\protected\models\Pasien.php (105)
in C:\xampp\htdocs\rumahsakit\protected\views\pasien\_form.php (33)
in C:\xampp\htdocs\rumahsakit\protected\views\pasien\create.php (18)
2013/10/29 16:41:34 [error] [php] htmlspecialchars() expects parameter 1 to be string, array given (C:\xampp\htdocs\yii\framework\web\helpers\CHtml.php:98)
Stack trace:
#0 C:\xampp\htdocs\yii\framework\utils\CFormatter.php(124): CFormatter->formatText()
#1 C:\xampp\htdocs\yii\framework\zii\widgets\CDetailView.php(215): CFormatter->format()
#2 C:\xampp\htdocs\yii\framework\web\CBaseController.php(173): CDetailView->run()
#3 C:\xampp\htdocs\rumahsakit\protected\views\pasien\view.php(34): PasienController->widget()
#4 C:\xampp\htdocs\yii\framework\web\CBaseController.php(126): require()
#5 C:\xampp\htdocs\yii\framework\web\CBaseController.php(95): PasienController->renderInternal()
#6 C:\xampp\htdocs\yii\framework\web\CController.php(869): PasienController->renderFile()
#7 C:\xampp\htdocs\yii\framework\web\CController.php(782): PasienController->renderPartial()
#8 C:\xampp\htdocs\rumahsakit\protected\controllers\PasienController.php(56): PasienController->render()
#9 unknown(0): PasienController->actionView()
#10 C:\xampp\htdocs\yii\framework\web\actions\CAction.php(108): ReflectionMethod->invokeArgs()
#11 C:\xampp\htdocs\yii\framework\web\actions\CInlineAction.php(47): CInlineAction->runWithParamsInternal()
#12 C:\xampp\htdocs\yii\framework\web\CController.php(308): CInlineAction->runWithParams()
#13 C:\xampp\htdocs\yii\framework\web\filters\CFilterChain.php(133): PasienController->runAction()
#14 C:\xampp\htdocs\yii\framework\web\filters\CFilter.php(40): CFilterChain->run()
#15 C:\xampp\htdocs\yii\framework\web\CController.php(1145): CAccessControlFilter->filter()
#16 C:\xampp\htdocs\yii\framework\web\filters\CInlineFilter.php(58): PasienController->filterAccessControl()
#17 C:\xampp\htdocs\yii\framework\web\filters\CFilterChain.php(130): CInlineFilter->filter()
#18 C:\xampp\htdocs\yii\framework\web\CController.php(291): CFilterChain->run()
#19 C:\xampp\htdocs\yii\framework\web\CController.php(265): PasienController->runActionWithFilters()
#20 C:\xampp\htdocs\yii\framework\web\CWebApplication.php(282): PasienController->run()
#21 C:\xampp\htdocs\yii\framework\web\CWebApplication.php(141): CWebApplication->runController()
#22 C:\xampp\htdocs\yii\framework\base\CApplication.php(169): CWebApplication->processRequest()
#23 C:\xampp\htdocs\rumahsakit\index.php(13): CWebApplication->run()
REQUEST_URI=/rumahsakit/index.php?r=pasien/view&id=12
in C:\xampp\htdocs\rumahsakit\protected\views\pasien\view.php (34)
in C:\xampp\htdocs\rumahsakit\protected\controllers\PasienController.php (56)
in C:\xampp\htdocs\rumahsakit\index.php (13)
2013/10/29 16:50:25 [error] [php] Use of undefined constant jk_pasien - assumed 'jk_pasien' (C:\xampp\htdocs\rumahsakit\protected\views\pasien\view.php:28)
Stack trace:
#0 C:\xampp\htdocs\yii\framework\web\CController.php(869): PasienController->renderFile()
#1 C:\xampp\htdocs\yii\framework\web\CController.php(782): PasienController->renderPartial()
#2 C:\xampp\htdocs\rumahsakit\protected\controllers\PasienController.php(56): PasienController->render()
#3 unknown(0): PasienController->actionView()
#4 C:\xampp\htdocs\yii\framework\web\actions\CAction.php(108): ReflectionMethod->invokeArgs()
#5 C:\xampp\htdocs\yii\framework\web\actions\CInlineAction.php(47): CInlineAction->runWithParamsInternal()
#6 C:\xampp\htdocs\yii\framework\web\CController.php(308): CInlineAction->runWithParams()
#7 C:\xampp\htdocs\yii\framework\web\filters\CFilterChain.php(133): PasienController->runAction()
#8 C:\xampp\htdocs\yii\framework\web\filters\CFilter.php(40): CFilterChain->run()
#9 C:\xampp\htdocs\yii\framework\web\CController.php(1145): CAccessControlFilter->filter()
#10 C:\xampp\htdocs\yii\framework\web\filters\CInlineFilter.php(58): PasienController->filterAccessControl()
#11 C:\xampp\htdocs\yii\framework\web\filters\CFilterChain.php(130): CInlineFilter->filter()
#12 C:\xampp\htdocs\yii\framework\web\CController.php(291): CFilterChain->run()
#13 C:\xampp\htdocs\yii\framework\web\CController.php(265): PasienController->runActionWithFilters()
#14 C:\xampp\htdocs\yii\framework\web\CWebApplication.php(282): PasienController->run()
#15 C:\xampp\htdocs\yii\framework\web\CWebApplication.php(141): CWebApplication->runController()
#16 C:\xampp\htdocs\yii\framework\base\CApplication.php(169): CWebApplication->processRequest()
#17 C:\xampp\htdocs\rumahsakit\index.php(13): CWebApplication->run()
REQUEST_URI=/rumahsakit/index.php?r=pasien/view&id=1
in C:\xampp\htdocs\rumahsakit\protected\views\pasien\view.php (28)
in C:\xampp\htdocs\rumahsakit\protected\controllers\PasienController.php (56)
in C:\xampp\htdocs\rumahsakit\index.php (13)
2013/10/29 16:50:49 [error] [php] Use of undefined constant jk_pasien - assumed 'jk_pasien' (C:\xampp\htdocs\rumahsakit\protected\views\pasien\view.php:28)
Stack trace:
#0 C:\xampp\htdocs\yii\framework\web\CController.php(869): PasienController->renderFile()
#1 C:\xampp\htdocs\yii\framework\web\CController.php(782): PasienController->renderPartial()
#2 C:\xampp\htdocs\rumahsakit\protected\controllers\PasienController.php(56): PasienController->render()
#3 unknown(0): PasienController->actionView()
#4 C:\xampp\htdocs\yii\framework\web\actions\CAction.php(108): ReflectionMethod->invokeArgs()
#5 C:\xampp\htdocs\yii\framework\web\actions\CInlineAction.php(47): CInlineAction->runWithParamsInternal()
#6 C:\xampp\htdocs\yii\framework\web\CController.php(308): CInlineAction->runWithParams()
#7 C:\xampp\htdocs\yii\framework\web\filters\CFilterChain.php(133): PasienController->runAction()
#8 C:\xampp\htdocs\yii\framework\web\filters\CFilter.php(40): CFilterChain->run()
#9 C:\xampp\htdocs\yii\framework\web\CController.php(1145): CAccessControlFilter->filter()
#10 C:\xampp\htdocs\yii\framework\web\filters\CInlineFilter.php(58): PasienController->filterAccessControl()
#11 C:\xampp\htdocs\yii\framework\web\filters\CFilterChain.php(130): CInlineFilter->filter()
#12 C:\xampp\htdocs\yii\framework\web\CController.php(291): CFilterChain->run()
#13 C:\xampp\htdocs\yii\framework\web\CController.php(265): PasienController->runActionWithFilters()
#14 C:\xampp\htdocs\yii\framework\web\CWebApplication.php(282): PasienController->run()
#15 C:\xampp\htdocs\yii\framework\web\CWebApplication.php(141): CWebApplication->runController()
#16 C:\xampp\htdocs\yii\framework\base\CApplication.php(169): CWebApplication->processRequest()
#17 C:\xampp\htdocs\rumahsakit\index.php(13): CWebApplication->run()
REQUEST_URI=/rumahsakit/index.php?r=pasien/view&id=1
in C:\xampp\htdocs\rumahsakit\protected\views\pasien\view.php (28)
in C:\xampp\htdocs\rumahsakit\protected\controllers\PasienController.php (56)
in C:\xampp\htdocs\rumahsakit\index.php (13)
2013/10/30 03:46:53 [error] [system.db.CDbCommand] CDbCommand::execute() failed: SQLSTATE[23000]: Integrity constraint violation: 1062 Duplicate entry '6' for key 'PRIMARY'. The SQL statement executed was: INSERT INTO `pasien` (`no_cm`, `nm_pasien`, `jk_pasien`, `alamat`, `tgl_lahir`) VALUES (:yp0, :yp1, :yp2, :yp3, :yp4).
in C:\xampp\htdocs\rumahsakit\protected\controllers\PasienController.php (73)
in C:\xampp\htdocs\rumahsakit\index.php (13)
2013/10/30 03:46:53 [error] [exception.CDbException] exception 'CDbException' with message 'CDbCommand failed to execute the SQL statement: SQLSTATE[23000]: Integrity constraint violation: 1062 Duplicate entry '6' for key 'PRIMARY'. The SQL statement executed was: INSERT INTO `pasien` (`no_cm`, `nm_pasien`, `jk_pasien`, `alamat`, `tgl_lahir`) VALUES (:yp0, :yp1, :yp2, :yp3, :yp4)' in C:\xampp\htdocs\yii\framework\db\CDbCommand.php:357
Stack trace:
#0 C:\xampp\htdocs\yii\framework\db\ar\CActiveRecord.php(1023): CDbCommand->execute()
#1 C:\xampp\htdocs\yii\framework\db\ar\CActiveRecord.php(795): CActiveRecord->insert(NULL)
#2 C:\xampp\htdocs\rumahsakit\protected\controllers\PasienController.php(73): CActiveRecord->save()
#3 C:\xampp\htdocs\yii\framework\web\actions\CInlineAction.php(49): PasienController->actionCreate()
#4 C:\xampp\htdocs\yii\framework\web\CController.php(308): CInlineAction->runWithParams(Array)
#5 C:\xampp\htdocs\yii\framework\web\filters\CFilterChain.php(133): CController->runAction(Object(CInlineAction))
#6 C:\xampp\htdocs\yii\framework\web\filters\CFilter.php(40): CFilterChain->run()
#7 C:\xampp\htdocs\yii\framework\web\CController.php(1145): CFilter->filter(Object(CFilterChain))
#8 C:\xampp\htdocs\yii\framework\web\filters\CInlineFilter.php(58): CController->filterAccessControl(Object(CFilterChain))
#9 C:\xampp\htdocs\yii\framework\web\filters\CFilterChain.php(130): CInlineFilter->filter(Object(CFilterChain))
#10 C:\xampp\htdocs\yii\framework\web\CController.php(291): CFilterChain->run()
#11 C:\xampp\htdocs\yii\framework\web\CController.php(265): CController->runActionWithFilters(Object(CInlineAction), Array)
#12 C:\xampp\htdocs\yii\framework\web\CWebApplication.php(282): CController->run('create')
#13 C:\xampp\htdocs\yii\framework\web\CWebApplication.php(141): CWebApplication->runController('pasien/create')
#14 C:\xampp\htdocs\yii\framework\base\CApplication.php(169): CWebApplication->processRequest()
#15 C:\xampp\htdocs\rumahsakit\index.php(13): CApplication->run()
#16 {main}
REQUEST_URI=/rumahsakit/index.php?r=pasien/create
HTTP_REFERER=http://localhost:82/rumahsakit/index.php?r=pasien/create
---
2013/12/08 16:06:22 [error] [system.db.CDbCommand] CDbCommand::fetchAll() failed: SQLSTATE[42S02]: Base table or view not found: 1146 Table 'rs.pendaftaran' doesn't exist. The SQL statement executed was: SHOW FULL COLUMNS FROM `pendaftaran`.
in D:\xampp\htdocs\rs3\protected\controllers\PendaftaranController.php (125)
in D:\xampp\htdocs\rs3\index.php (13)
2013/12/08 16:06:22 [error] [exception.CDbException] exception 'CDbException' with message 'The table "pendaftaran" for active record class "Pendaftaran" cannot be found in the database.' in D:\xampp\htdocs\yii\framework\db\ar\CActiveRecord.php:2310
Stack trace:
#0 D:\xampp\htdocs\yii\framework\db\ar\CActiveRecord.php(387): CActiveRecordMetaData->__construct(Object(Pendaftaran))
#1 D:\xampp\htdocs\yii\framework\web\CActiveDataProvider.php(74): CActiveRecord::model('Pendaftaran')
#2 D:\xampp\htdocs\rs3\protected\controllers\PendaftaranController.php(125): CActiveDataProvider->__construct('Pendaftaran')
#3 D:\xampp\htdocs\yii\framework\web\actions\CInlineAction.php(49): PendaftaranController->actionIndex()
#4 D:\xampp\htdocs\yii\framework\web\CController.php(308): CInlineAction->runWithParams(Array)
#5 D:\xampp\htdocs\yii\framework\web\filters\CFilterChain.php(133): CController->runAction(Object(CInlineAction))
#6 D:\xampp\htdocs\yii\framework\web\filters\CFilter.php(40): CFilterChain->run()
#7 D:\xampp\htdocs\yii\framework\web\CController.php(1145): CFilter->filter(Object(CFilterChain))
#8 D:\xampp\htdocs\yii\framework\web\filters\CInlineFilter.php(58): CController->filterAccessControl(Object(CFilterChain))
#9 D:\xampp\htdocs\yii\framework\web\filters\CFilterChain.php(130): CInlineFilter->filter(Object(CFilterChain))
#10 D:\xampp\htdocs\yii\framework\web\CController.php(291): CFilterChain->run()
#11 D:\xampp\htdocs\yii\framework\web\CController.php(265): CController->runActionWithFilters(Object(CInlineAction), Array)
#12 D:\xampp\htdocs\yii\framework\web\CWebApplication.php(282): CController->run('index')
#13 D:\xampp\htdocs\yii\framework\web\CWebApplication.php(141): CWebApplication->runController('pendaftaran/ind...')
#14 D:\xampp\htdocs\yii\framework\base\CApplication.php(169): CWebApplication->processRequest()
#15 D:\xampp\htdocs\rs3\index.php(13): CApplication->run()
#16 {main}
REQUEST_URI=/rs3/index.php?r=pendaftaran/index
HTTP_REFERER=http://localhost:8585/rs3/
---
2013/12/09 10:50:10 [error] [exception.CDbException] exception 'CDbException' with message 'CDbConnection failed to open the DB connection: SQLSTATE[HY000] [1049] Unknown database 'rs3'' in D:\xampp\htdocs\yii\framework\db\CDbConnection.php:381
Stack trace:
#0 D:\xampp\htdocs\yii\framework\db\CDbConnection.php(330): CDbConnection->open()
#1 D:\xampp\htdocs\yii\framework\db\CDbConnection.php(308): CDbConnection->setActive(true)
#2 D:\xampp\htdocs\yii\framework\base\CModule.php(387): CDbConnection->init()
#3 D:\xampp\htdocs\yii\framework\base\CApplication.php(438): CModule->getComponent('db')
#4 D:\xampp\htdocs\yii\framework\db\ar\CActiveRecord.php(623): CApplication->getDb()
#5 D:\xampp\htdocs\yii\framework\db\ar\CActiveRecord.php(2309): CActiveRecord->getDbConnection()
#6 D:\xampp\htdocs\yii\framework\db\ar\CActiveRecord.php(387): CActiveRecordMetaData->__construct(Object(Pendaftaran))
#7 D:\xampp\htdocs\rs3\protected\models\Pendaftaran.php(25): CActiveRecord::model('Pendaftaran')
#8 D:\xampp\htdocs\rs3\protected\controllers\PendaftaranController.php(155): Pendaftaran::model()
#9 D:\xampp\htdocs\rs3\protected\controllers\PendaftaranController.php(55): PendaftaranController->loadModel('201300001')
#10 [internal function]: PendaftaranController->actionView('201300001')
#11 D:\xampp\htdocs\yii\framework\web\actions\CAction.php(108): ReflectionMethod->invokeArgs(Object(PendaftaranController), Array)
#12 D:\xampp\htdocs\yii\framework\web\actions\CInlineAction.php(47): CAction->runWithParamsInternal(Object(PendaftaranController), Object(ReflectionMethod), Array)
#13 D:\xampp\htdocs\yii\framework\web\CController.php(308): CInlineAction->runWithParams(Array)
#14 D:\xampp\htdocs\yii\framework\web\filters\CFilterChain.php(133): CController->runAction(Object(CInlineAction))
#15 D:\xampp\htdocs\yii\framework\web\filters\CFilter.php(40): CFilterChain->run()
#16 D:\xampp\htdocs\yii\framework\web\CController.php(1145): CFilter->filter(Object(CFilterChain))
#17 D:\xampp\htdocs\yii\framework\web\filters\CInlineFilter.php(58): CController->filterAccessControl(Object(CFilterChain))
#18 D:\xampp\htdocs\yii\framework\web\filters\CFilterChain.php(130): CInlineFilter->filter(Object(CFilterChain))
#19 D:\xampp\htdocs\yii\framework\web\CController.php(291): CFilterChain->run()
#20 D:\xampp\htdocs\yii\framework\web\CController.php(265): CController->runActionWithFilters(Object(CInlineAction), Array)
#21 D:\xampp\htdocs\yii\framework\web\CWebApplication.php(282): CController->run('view')
#22 D:\xampp\htdocs\yii\framework\web\CWebApplication.php(141): CWebApplication->runController('pendaftaran/vie...')
#23 D:\xampp\htdocs\yii\framework\base\CApplication.php(169): CWebApplication->processRequest()
#24 D:\xampp\htdocs\rs3\index.php(13): CApplication->run()
#25 {main}
REQUEST_URI=/rs3/index.php?r=pendaftaran/view&id=201300001
HTTP_REFERER=http://localhost:8585/rs3/index.php?r=pendaftaran/index
---
